<?xml version="1.0" encoding="UTF-8"?>
<beans xmlns="http://www.springframework.org/schema/beans"
	xmlns:xsi="http://www.w3.org/2001/XMLSchema-instance" 
	xmlns:batch="http://www.springframework.org/schema/batch"
	xmlns:p="http://www.springframework.org/schema/p" 
	xmlns:context="http://www.springframework.org/schema/context"
	xmlns:jdbc="http://www.springframework.org/schema/jdbc"
	xmlns:tx="http://www.springframework.org/schema/tx"
	xsi:schemaLocation="
		http://www.springframework.org/schema/batch http://www.springframework.org/schema/batch/spring-batch-2.1.xsd
		http://www.springframework.org/schema/jdbc http://www.springframework.org/schema/jdbc/spring-jdbc-3.0.xsd
		http://www.springframework.org/schema/beans http://www.springframework.org/schema/beans/spring-beans-3.0.xsd
		http://www.springframework.org/schema/context http://www.springframework.org/schema/context/spring-context-3.0.xsd
		http://www.springframework.org/schema/beans
        http://www.springframework.org/schema/beans/spring-beans-3.0.xsd
        http://www.springframework.org/schema/context
        http://www.springframework.org/schema/context/spring-context-3.0.xsd
        http://www.springframework.org/schema/util
        http://www.springframework.org/schema/util/spring-util-3.0.xsd
        http://www.springframework.org/schema/jee 
        http://www.springframework.org/schema/jee/spring-jee-3.0.xsd
        http://www.springframework.org/schema/tx 
        http://www.springframework.org/schema/tx/spring-tx-3.0.xsd
        http://www.springframework.org/schema/mvc 
        http://www.springframework.org/schema/mvc/spring-mvc-3.0.xsd
        http://www.springframework.org/schema/aop
        http://www.springframework.org/schema/aop/spring-aop-3.0.xsd">
    
	<context:property-placeholder location="classpath:system.properties, classpath:infrastructure.properties" />
	<import resource="classpath*:/META-INF/spring/cloud-context-util.xml" />
	<import resource="classpath*:/META-INF/spring/cloud-context-core.xml" />
	<import resource="classpath*:/META-INF/spring/cloud-context-repository.xml" />
	<import resource="classpath*:/META-INF/spring/cloud-context-service.xml" />
	
	<context:component-scan base-package="org.openinfinity" />
	<tx:annotation-driven transaction-manager="transactionManager"/>
	
	<jdbc:embedded-database id="cloudDataSource">
        <jdbc:script location="classpath*:*openinfinity-schema.sql"/>
    </jdbc:embedded-database>
       
	<bean id="txManager" class="org.springframework.jdbc.datasource.DataSourceTransactionManager">
		<property name="dataSource" ref="cloudDataSource" />
	</bean> 
	
	<bean id="batchTxManager" class="org.springframework.jdbc.datasource.DataSourceTransactionManager">
		<property name="dataSource" ref="batchDataSource" />
	</bean>
	
	<bean id="batchDataSource" class="com.mchange.v2.c3p0.ComboPooledDataSource"
		destroy-method="close">
		<property name="driverClass">
			<value>${jdbc.driverClassName}</value>
		</property>
		<property name="jdbcUrl">
			<value>${jdbc.url}</value>
		</property>
		<property name="user">
			<value>${jdbc.username}</value>
		</property>
		<property name="password">
			<value>${jdbc.password}</value>
		</property>
		<property name="maxPoolSize">
			<value>30</value>
		</property>
		<property name="minPoolSize">
			<value>2</value>
		</property>
		<property name="numHelperThreads">
			<value>2</value>
		</property>
		<property name="testConnectionOnCheckout">
			<value>true</value>
		</property>
	</bean>  
	
	<bean id="transactionManager" class="org.springframework.batch.support.transaction.ResourcelessTransactionManager" />
	
	<bean id="jobRepository"
		class="org.springframework.batch.core.repository.support.JobRepositoryFactoryBean"
		p:dataSource-ref="batchDataSource" p:transactionManager-ref="batchTxManager" />
	
	<bean id="jobLauncher" class="org.springframework.batch.core.launch.support.SimpleJobLauncher">
		<property name="jobRepository" ref="jobRepository" />
	</bean>
		
	<bean id="autoscalerItemWriter" class="org.springframework.batch.item.database.JdbcBatchItemWriter">
		<property name="assertUpdates" value="true" />
		<property name="itemSqlParameterSourceProvider">
			<bean class="org.springframework.batch.item.database.BeanPropertyItemSqlParameterSourceProvider" />
		</property>
		<property name="dataSource" ref="cloudDataSource" />
		<property name="sql" value="insert into job_tbl (job_type, job_status, job_instance_id, job_services, job_cloud, job_zone)  
		    values (:jobType, :jobStatus, :instanceId, :services, :cloud, :zone)" />
	</bean>
	
	
	<!-- batch:job id="periodicJob">
		<batch:step id="stepP1">
			<batch:tasklet transaction-manager="txManager"
				start-limit="3">
				<batch:chunk reader="periodicScalerItemReader" processor="periodicScalerItemProcessor"
					writer="autoscalerItemWriter" commit-interval="100" retry-limit="3">
					<batch:retryable-exception-classes>
                    	<batch:include class="org.springframework.dao.OptimisticLockingFailureException" />
                        <batch:include class="org.springframework.dao.DeadlockLoserDataAccessException" />
                    </batch:retryable-exception-classes>
                </batch:chunk>
			</batch:tasklet>
		</batch:step>	
	</batch:job-->
	
	
	<batch:job id="scheduledJob">
		<batch:step id="scheduledJobStep1">
			<batch:tasklet transaction-manager="transactionManager"
				start-limit="2">
				<batch:chunk reader="scheduledScalerItemReader" processor="scheduledScalerItemProcessor"
					writer="autoscalerItemWriter" commit-interval="1" />
			</batch:tasklet>
		</batch:step>
	</batch:job>
	
	<bean class="org.springframework.jdbc.core.JdbcTemplate">
		<constructor-arg ref="cloudDataSource" />
	</bean>
	
	<bean id="periodicScalerItemReader" class="org.springframework.batch.item.database.JdbcCursorItemReader">
		<property name="dataSource" ref="cloudDataSource"/>
		<property name="sql" value="select * from machine_tbl where machine_type = 'loadbalancer'"/>
		<property name="rowMapper">
			<bean id="machineRowMapper" class="org.openinfinity.cloud.domain.repository.administrator.MachineRowMapper"/>
		</property>
	
	</bean>
		<bean id="scheduledScalerItemReader" class="org.springframework.batch.item.database.JdbcCursorItemReader">
		<property name="dataSource" ref="cloudDataSource"/>
		<property name="sql" value="select * from scaling_rule_tbl where scheduled = 1"/>
		<property name="rowMapper">
			<bean id="scalingRuleRowMapper" class="org.openinfinity.cloud.domain.repository.scaling.ScalingRuleRowMapper"/>
		</property>
	</bean>
	
</beans>