<?xml version="1.0" encoding="UTF-8"?>
<beans xmlns="http://www.springframework.org/schema/beans"
       xmlns:xsi="http://www.w3.org/2001/XMLSchema-instance" xmlns:jdbc="http://www.springframework.org/schema/jdbc"
       xmlns:context="http://www.springframework.org/schema/context"
       xmlns:mvc="http://www.springframework.org/schema/mvc" xmlns:tx="http://www.springframework.org/schema/tx"
       xsi:schemaLocation="http://www.springframework.org/schema/beans http://www.springframework.org/schema/beans/spring-beans.xsd http://www.springframework.org/schema/jdbc http://www.springframework.org/schema/jdbc/spring-jdbc.xsd http://www.springframework.org/schema/context http://www.springframework.org/schema/context/spring-context.xsd http://www.springframework.org/schema/mvc http://www.springframework.org/schema/mvc/spring-mvc.xsd http://www.springframework.org/schema/tx http://www.springframework.org/schema/tx/spring-tx.xsd">

    <bean id="liferayService" class="org.openinfinity.cloud.util.LiferayServiceMock"></bean>

    <bean id="txManager"
          class="org.springframework.jdbc.datasource.DataSourceTransactionManager">
        <property name="dataSource" ref="cloudDataSource"/>
    </bean>

    <context:property-override location="classpath:override.properties"/>

    <!--
    <context:property-placeholder location="classpath:override.properties,
	     classpath*:infrastructure.properties,
	     classpath*:EucaCredentials.properties,
	     classpath*:infrastructure.properties" />-->
    <!--
    <jdbc:embedded-database id="cloudDataSource" type="H2">
        <jdbc:script location="${sql.script.path}/cloudadmindata.sql"/>
        <jdbc:script location="${sql.script.path}/cmt_extension_schema.sql"/>
        <jdbc:script location="${sql.script.path}/populate.sql"/>
        <jdbc:script location="${sql.script.path}/cmt_extension_data.sql"/>
    </jdbc:embedded-database>
    -->
    <jdbc:initialize-database data-source="cloudDataSource" >
        <!--
        <jdbc:script location="file:${sql.script.path}/cloudadmindata.sql"/>
        <jdbc:script location="file:${sql.script.path}/cmt_extension_schema.sql"/>
        <jdbc:script location="file:${sql.script.path}/populate.sql"/>
        <jdbc:script location="file:${sql.script.path}/cmt_extension_data.sql"/>
        -->
        <jdbc:script location="sql/cloudadmindata.sql"/>
        <jdbc:script location="sql/cmt_extension_schema.sql"/>
        <jdbc:script location="sql/populate.sql"/>
        <jdbc:script location="sql/cmt_extension_data.sql"/>

    </jdbc:initialize-database>

</beans>